{
  "stats": {
    "suites": 1,
    "tests": 1,
    "passes": 1,
    "pending": 0,
    "failures": 0,
    "start": "2025-06-09T03:05:14.982Z",
    "end": "2025-06-09T03:06:01.663Z",
    "duration": 46681,
    "testsRegistered": 1,
    "passPercent": 100,
    "pendingPercent": 0,
    "other": 0,
    "hasOther": false,
    "skipped": 0,
    "hasSkipped": false
  },
  "results": [
    {
      "uuid": "da64fc34-be5d-4df1-b6b2-1ad6b8ac853a",
      "title": "",
      "fullFile": "cypress\\e2e\\amazon\\amazon.cy.js",
      "file": "cypress\\e2e\\amazon\\amazon.cy.js",
      "beforeHooks": [],
      "afterHooks": [],
      "tests": [],
      "suites": [
        {
          "uuid": "3eb182ba-492f-415d-986e-02ec0d22e302",
          "title": "AMAZON SEARCHING PRODUCT",
          "fullFile": "",
          "file": "",
          "beforeHooks": [],
          "afterHooks": [],
          "tests": [
            {
              "title": "Search Product",
              "fullTitle": "AMAZON SEARCHING PRODUCT Search Product",
              "timedOut": null,
              "duration": 41765,
              "state": "passed",
              "speed": "slow",
              "pass": true,
              "fail": false,
              "pending": false,
              "context": null,
              "code": "let keyword = 'chair';\nlet indexProduct = 4;\n// search product\nproduct.SearchProduct(keyword, indexProduct);\n// get detail product\nproduct.GetProductDetail();",
              "err": {},
              "uuid": "a0e2c9ed-6ee1-4c27-95cc-f1d232e67e97",
              "parentUUID": "3eb182ba-492f-415d-986e-02ec0d22e302",
              "isHook": false,
              "skipped": false
            }
          ],
          "suites": [],
          "passes": [
            "a0e2c9ed-6ee1-4c27-95cc-f1d232e67e97"
          ],
          "failures": [],
          "pending": [],
          "skipped": [],
          "duration": 41765,
          "root": false,
          "rootEmpty": false,
          "_timeout": 2000
        }
      ],
      "passes": [],
      "failures": [],
      "pending": [],
      "skipped": [],
      "duration": 0,
      "root": true,
      "rootEmpty": true,
      "_timeout": 2000
    }
  ],
  "meta": {
    "mocha": {
      "version": "7.2.0"
    },
    "mochawesome": {
      "options": {
        "quiet": false,
        "reportFilename": "mochawesome",
        "saveHtml": false,
        "saveJson": true,
        "consoleReporter": "spec",
        "useInlineDiffs": false,
        "code": true
      },
      "version": "7.1.3"
    },
    "marge": {
      "options": {
        "reportDir": "cypress/reports",
        "overwrite": false,
        "html": false,
        "json": true
      },
      "version": "6.2.0"
    }
  }
}