{
  "stats": {
    "suites": 1,
    "tests": 1,
    "passes": 1,
    "pending": 0,
    "failures": 0,
    "start": "2025-06-07T01:46:04.053Z",
    "end": "2025-06-07T01:46:25.756Z",
    "duration": 21703,
    "testsRegistered": 1,
    "passPercent": 100,
    "pendingPercent": 0,
    "other": 0,
    "hasOther": false,
    "skipped": 0,
    "hasSkipped": false
  },
  "results": [
    {
      "uuid": "772f00e4-776e-4626-ae64-de699394d725",
      "title": "",
      "fullFile": "cypress\\e2e\\youtube\\youtube.cy.js",
      "file": "cypress\\e2e\\youtube\\youtube.cy.js",
      "beforeHooks": [],
      "afterHooks": [],
      "tests": [],
      "suites": [
        {
          "uuid": "c5ff2c50-ee6e-4a1e-a877-dd8db7da1a00",
          "title": "YOUTUBE SEARCHING",
          "fullFile": "",
          "file": "",
          "beforeHooks": [],
          "afterHooks": [],
          "tests": [
            {
              "title": "Search Film",
              "fullTitle": "YOUTUBE SEARCHING Search Film",
              "timedOut": null,
              "duration": 17623,
              "state": "passed",
              "speed": "slow",
              "pass": true,
              "fail": false,
              "pending": false,
              "context": null,
              "code": "// search video\nlet videoIndex = 2;\nvideo.SearchVideo(videoIndex);\n// open video\nvideo.OpenVideo();",
              "err": {},
              "uuid": "ff67ac4a-c204-4422-a89b-3fc85105d3fe",
              "parentUUID": "c5ff2c50-ee6e-4a1e-a877-dd8db7da1a00",
              "isHook": false,
              "skipped": false
            }
          ],
          "suites": [],
          "passes": [
            "ff67ac4a-c204-4422-a89b-3fc85105d3fe"
          ],
          "failures": [],
          "pending": [],
          "skipped": [],
          "duration": 17623,
          "root": false,
          "rootEmpty": false,
          "_timeout": 2000
        }
      ],
      "passes": [],
      "failures": [],
      "pending": [],
      "skipped": [],
      "duration": 0,
      "root": true,
      "rootEmpty": true,
      "_timeout": 2000
    }
  ],
  "meta": {
    "mocha": {
      "version": "7.2.0"
    },
    "mochawesome": {
      "options": {
        "quiet": false,
        "reportFilename": "mochawesome",
        "saveHtml": false,
        "saveJson": true,
        "consoleReporter": "spec",
        "useInlineDiffs": false,
        "code": true
      },
      "version": "7.1.3"
    },
    "marge": {
      "options": {
        "reportDir": "cypress/reports",
        "overwrite": false,
        "html": false,
        "json": true
      },
      "version": "6.2.0"
    }
  }
}