{
  "stats": {
    "suites": 1,
    "tests": 1,
    "passes": 1,
    "pending": 0,
    "failures": 0,
    "start": "2025-06-09T03:03:07.451Z",
    "end": "2025-06-09T03:05:11.949Z",
    "duration": 124498,
    "testsRegistered": 1,
    "passPercent": 100,
    "pendingPercent": 0,
    "other": 0,
    "hasOther": false,
    "skipped": 0,
    "hasSkipped": false
  },
  "results": [
    {
      "uuid": "3b71993b-5648-4965-b9cc-64cb7e9d8afe",
      "title": "",
      "fullFile": "cypress\\e2e\\agoda\\agoda.cy.js",
      "file": "cypress\\e2e\\agoda\\agoda.cy.js",
      "beforeHooks": [],
      "afterHooks": [],
      "tests": [],
      "suites": [
        {
          "uuid": "da11c645-0a9e-40d7-9555-e79c3fe1b95b",
          "title": "AGODA FLIGHT TICKET BOOKING",
          "fullFile": "",
          "file": "",
          "beforeHooks": [],
          "afterHooks": [],
          "tests": [
            {
              "title": "Booking Flight Ticket",
              "fullTitle": "AGODA FLIGHT TICKET BOOKING Booking Flight Ticket",
              "timedOut": null,
              "duration": 120363,
              "state": "passed",
              "speed": "slow",
              "pass": true,
              "fail": false,
              "pending": false,
              "context": null,
              "code": "// searching for a flight \nflight.SearchFlight();\n// select flight\nflight.SelectFlight();\n// fill in form booking\nflight.FillFormBooking();\n// verify booking information\nflight.VerifyDataBooking();",
              "err": {},
              "uuid": "0d500d97-d2f1-4376-8caf-0e80057e2ba1",
              "parentUUID": "da11c645-0a9e-40d7-9555-e79c3fe1b95b",
              "isHook": false,
              "skipped": false
            }
          ],
          "suites": [],
          "passes": [
            "0d500d97-d2f1-4376-8caf-0e80057e2ba1"
          ],
          "failures": [],
          "pending": [],
          "skipped": [],
          "duration": 120363,
          "root": false,
          "rootEmpty": false,
          "_timeout": 2000
        }
      ],
      "passes": [],
      "failures": [],
      "pending": [],
      "skipped": [],
      "duration": 0,
      "root": true,
      "rootEmpty": true,
      "_timeout": 2000
    }
  ],
  "meta": {
    "mocha": {
      "version": "7.2.0"
    },
    "mochawesome": {
      "options": {
        "quiet": false,
        "reportFilename": "mochawesome",
        "saveHtml": false,
        "saveJson": true,
        "consoleReporter": "spec",
        "useInlineDiffs": false,
        "code": true
      },
      "version": "7.1.3"
    },
    "marge": {
      "options": {
        "reportDir": "cypress/reports",
        "overwrite": false,
        "html": false,
        "json": true
      },
      "version": "6.2.0"
    }
  }
}