{
  "stats": {
    "suites": 1,
    "tests": 1,
    "passes": 1,
    "pending": 0,
    "failures": 0,
    "start": "2025-06-07T01:45:30.244Z",
    "end": "2025-06-07T01:46:01.440Z",
    "duration": 31196,
    "testsRegistered": 1,
    "passPercent": 100,
    "pendingPercent": 0,
    "other": 0,
    "hasOther": false,
    "skipped": 0,
    "hasSkipped": false
  },
  "results": [
    {
      "uuid": "e30bf0fa-0a3e-4ca1-9676-a70f5c4a69c7",
      "title": "",
      "fullFile": "cypress\\e2e\\amazon\\amazon.cy.js",
      "file": "cypress\\e2e\\amazon\\amazon.cy.js",
      "beforeHooks": [],
      "afterHooks": [],
      "tests": [],
      "suites": [
        {
          "uuid": "5bc0093e-9a9f-4ac5-916a-aeb931b3b08a",
          "title": "AMAZON SEARCHING PRODUCT",
          "fullFile": "",
          "file": "",
          "beforeHooks": [],
          "afterHooks": [],
          "tests": [
            {
              "title": "Search Product",
              "fullTitle": "AMAZON SEARCHING PRODUCT Search Product",
              "timedOut": null,
              "duration": 26384,
              "state": "passed",
              "speed": "slow",
              "pass": true,
              "fail": false,
              "pending": false,
              "context": null,
              "code": "let keyword = 'chair';\nlet indexProduct = 4;\n// search product\nproduct.SearchProduct(keyword, indexProduct);\n// get detail product\nproduct.GetProductDetail();",
              "err": {},
              "uuid": "8cc5e069-df96-4f9b-b727-26b8577c87f3",
              "parentUUID": "5bc0093e-9a9f-4ac5-916a-aeb931b3b08a",
              "isHook": false,
              "skipped": false
            }
          ],
          "suites": [],
          "passes": [
            "8cc5e069-df96-4f9b-b727-26b8577c87f3"
          ],
          "failures": [],
          "pending": [],
          "skipped": [],
          "duration": 26384,
          "root": false,
          "rootEmpty": false,
          "_timeout": 2000
        }
      ],
      "passes": [],
      "failures": [],
      "pending": [],
      "skipped": [],
      "duration": 0,
      "root": true,
      "rootEmpty": true,
      "_timeout": 2000
    }
  ],
  "meta": {
    "mocha": {
      "version": "7.2.0"
    },
    "mochawesome": {
      "options": {
        "quiet": false,
        "reportFilename": "mochawesome",
        "saveHtml": false,
        "saveJson": true,
        "consoleReporter": "spec",
        "useInlineDiffs": false,
        "code": true
      },
      "version": "7.1.3"
    },
    "marge": {
      "options": {
        "reportDir": "cypress/reports",
        "overwrite": false,
        "html": false,
        "json": true
      },
      "version": "6.2.0"
    }
  }
}