{
  "stats": {
    "suites": 1,
    "tests": 1,
    "passes": 1,
    "pending": 0,
    "failures": 0,
    "start": "2025-06-09T03:06:04.526Z",
    "end": "2025-06-09T03:06:29.511Z",
    "duration": 24985,
    "testsRegistered": 1,
    "passPercent": 100,
    "pendingPercent": 0,
    "other": 0,
    "hasOther": false,
    "skipped": 0,
    "hasSkipped": false
  },
  "results": [
    {
      "uuid": "6551e2f4-6f29-489b-9f90-5b850d6c1a74",
      "title": "",
      "fullFile": "cypress\\e2e\\youtube\\youtube.cy.js",
      "file": "cypress\\e2e\\youtube\\youtube.cy.js",
      "beforeHooks": [],
      "afterHooks": [],
      "tests": [],
      "suites": [
        {
          "uuid": "1884dd75-51a0-42f9-9096-a513bfb93026",
          "title": "YOUTUBE SEARCHING",
          "fullFile": "",
          "file": "",
          "beforeHooks": [],
          "afterHooks": [],
          "tests": [
            {
              "title": "Search Film",
              "fullTitle": "YOUTUBE SEARCHING Search Film",
              "timedOut": null,
              "duration": 18404,
              "state": "passed",
              "speed": "slow",
              "pass": true,
              "fail": false,
              "pending": false,
              "context": null,
              "code": "// search video\nlet videoIndex = 2;\nvideo.SearchVideo(videoIndex);\n// open video\nvideo.OpenVideo();",
              "err": {},
              "uuid": "e9062ac1-7d50-43f5-9c37-18d346fb6db4",
              "parentUUID": "1884dd75-51a0-42f9-9096-a513bfb93026",
              "isHook": false,
              "skipped": false
            }
          ],
          "suites": [],
          "passes": [
            "e9062ac1-7d50-43f5-9c37-18d346fb6db4"
          ],
          "failures": [],
          "pending": [],
          "skipped": [],
          "duration": 18404,
          "root": false,
          "rootEmpty": false,
          "_timeout": 2000
        }
      ],
      "passes": [],
      "failures": [],
      "pending": [],
      "skipped": [],
      "duration": 0,
      "root": true,
      "rootEmpty": true,
      "_timeout": 2000
    }
  ],
  "meta": {
    "mocha": {
      "version": "7.2.0"
    },
    "mochawesome": {
      "options": {
        "quiet": false,
        "reportFilename": "mochawesome",
        "saveHtml": false,
        "saveJson": true,
        "consoleReporter": "spec",
        "useInlineDiffs": false,
        "code": true
      },
      "version": "7.1.3"
    },
    "marge": {
      "options": {
        "reportDir": "cypress/reports",
        "overwrite": false,
        "html": false,
        "json": true
      },
      "version": "6.2.0"
    }
  }
}